<?xml version="1.0" encoding="UTF-8"?>
<testsuite xmlns:xsi="http://www.w3.org/2001/XMLSchema-instance" xsi:noNamespaceSchemaLocation="https://maven.apache.org/surefire/maven-surefire-plugin/xsd/surefire-test-report.xsd" name="tqs.AppTest" time="0.504" tests="3" errors="0" skipped="0" failures="0">
  <properties>
[...]
</properties>
  <testcase name="valueTest" classname="tqs.AppTest" time="0.48"/>
  <testcase name="hamcrestValueTest" classname="tqs.AppTest" time="0.008"/>
  <testcase name="zeroInitValue" classname="tqs.AppTest" time="0.006"/>
</testsuite>